<?xml version="1.0" encoding="UTF-8"?>
<!-- Generated by org.testng.reporters.JUnitReportReporter -->
<testsuite hostname="LAPTOP-C4MAJJ3U" failures="0" tests="1" name="com.qa.testcases.VerifyUserCanLoginWithValidEmail_Tc_001" time="8.582" errors="0" timestamp="2025-03-30T18:38:03 IST" skipped="0">
  <testcase classname="com.qa.testcases.VerifyUserCanLoginWithValidEmail_Tc_001" name="loginWithValidEmail" time="8.582"/>
</testsuite> <!-- com.qa.testcases.VerifyUserCanLoginWithValidEmail_Tc_001 -->
