<?xml version="1.0" encoding="UTF-8"?>
<!-- Generated by org.testng.reporters.JUnitReportReporter -->
<testsuite hostname="LAPTOP-C4MAJJ3U" failures="0" tests="1" name="com.qa.testcases.InvalidLoginOtp_005" time="10.118" errors="0" timestamp="2025-03-31T10:46:33 IST" skipped="0">
  <testcase classname="com.qa.testcases.InvalidLoginOtp_005" name="loginWithWrongOtp" time="10.118"/>
</testsuite> <!-- com.qa.testcases.InvalidLoginOtp_005 -->
