<?xml version="1.0" encoding="UTF-8"?>
<!-- Generated by org.testng.reporters.JUnitReportReporter -->
<testsuite hostname="LAPTOP-C4MAJJ3U" failures="0" tests="1" name="com.qa.testcases.CreateAnEventWithValidData_Tc002" time="16.478" errors="0" timestamp="2025-03-31T11:51:07 IST" skipped="0">
  <testcase classname="com.qa.testcases.CreateAnEventWithValidData_Tc002" name="createEventWithValidInformation" time="16.478"/>
</testsuite> <!-- com.qa.testcases.CreateAnEventWithValidData_Tc002 -->
